<?xml version="1.0" encoding="UTF-8"?>
<!-- Generated by org.testng.reporters.JUnitXMLReporter -->
<testsuite ignored="0" hostname="DESKTOP-29TDDLS" failures="1" tests="4" name="Test" time="188.752" errors="0" timestamp="2020-12-16T21:03:27 IST">
  <testcase classname="testScripts.Home.TC_HomePage_Validation" name="testAutombileLink" time="13.942"/>
  <testcase classname="testScripts.Home.TC_HomePage_Validation" name="testCamperLink" time="1.962"/>
  <testcase classname="testScripts.Home.TC_HomePage_Validation" name="testMotorCycleLink" time="0.039">
    <failure type="java.lang.AssertionError" message="Automobile link is not present on Home Page expected [true] but found [false]">
      <![CDATA[java.lang.AssertionError: Automobile link is not present on Home Page expected [true] but found [false]
at testScripts.Home.TC_HomePage_Validation.testMotorCycleLink(TC_HomePage_Validation.java:110)
at java.base/java.util.ArrayList.forEach(ArrayList.java:1511)
... Removed 30 stack frames]]>
    </failure>
  </testcase> <!-- testMotorCycleLink -->
  <testcase classname="testScripts.Home.TC_HomePage_Validation" name="testTruckLink" time="1.615"/>
</testsuite> <!-- Test -->
